d:\desktop\tg\tg\externalplugin.dir\debug\vc120.pdb
d:\desktop\tg\tg\externalplugin.dir\debug\externalplugin_automoc.obj
d:\desktop\tg\tg\externalplugin.dir\debug\rasterfile.obj
d:\desktop\tg\tg\externalplugin.dir\debug\mydialog.obj
d:\desktop\tg\tg\externalplugin.dir\debug\clouddetection.obj
d:\desktop\tg\tg\externalplugin.dir\debug\utils.obj
d:\desktop\tg\tg\externalplugin.dir\debug\plugin.obj
d:\desktop\tg\tg\externalplugin.dir\debug\externalplugin.obj
d:\desktop\tg\tg\cmakefiles\generate.stamp
d:\desktop\tg\tg\ui_mydialogform.h
d:\desktop\tg\tg\ui_rasterfile.h
d:\desktop\tg\tg\debug\externalplugind.lib
d:\desktop\tg\tg\debug\externalplugind.exp
d:\desktop\tg\tg\debug\externalplugind.ilk
d:\desktop\tg\tg\debug\externalplugind.dll
d:\desktop\tg\tg\debug\externalplugind.pdb
d:\desktop\tg\tg\externalplugin.dir\debug\externalplugin.tlog\cl.command.1.tlog
d:\desktop\tg\tg\externalplugin.dir\debug\externalplugin.tlog\cl.read.1.tlog
d:\desktop\tg\tg\externalplugin.dir\debug\externalplugin.tlog\cl.write.1.tlog
d:\desktop\tg\tg\externalplugin.dir\debug\externalplugin.tlog\custombuild.command.1.tlog
d:\desktop\tg\tg\externalplugin.dir\debug\externalplugin.tlog\custombuild.read.1.tlog
d:\desktop\tg\tg\externalplugin.dir\debug\externalplugin.tlog\custombuild.write.1.tlog
d:\desktop\tg\tg\externalplugin.dir\debug\externalplugin.tlog\externalplugin.write.1u.tlog
d:\desktop\tg\tg\externalplugin.dir\debug\externalplugin.tlog\link.command.1.tlog
d:\desktop\tg\tg\externalplugin.dir\debug\externalplugin.tlog\link.read.1.tlog
d:\desktop\tg\tg\externalplugin.dir\debug\externalplugin.tlog\link.write.1.tlog
